<?xml version="1.0" encoding="UTF-8"?>
<!-- Generated by org.testng.reporters.JUnitReportReporter -->
<testsuite hostname="DESKTOP-THI2AF8" failures="0" tests="1" name="testscript.HomePageTest" time="5.900" errors="0" timestamp="2025-07-28T11:00:46 IST" skipped="0">
  <testcase classname="testscript.HomePageTest" name="toVerifyTheUserCanClickMeetingsMenu" time="5.900"/>
</testsuite> <!-- testscript.HomePageTest -->
