<?xml version="1.0" encoding="UTF-8"?>
<!-- Generated by org.testng.reporters.JUnitReportReporter -->
<testsuite hostname="DESKTOP-THI2AF8" failures="0" tests="1" name="testscript.LoginTest" time="4.133" errors="0" timestamp="2025-07-26T13:43:16 IST" skipped="0">
  <testcase classname="testscript.LoginTest" name="toVerifyWhethertheUserIsAbleToLoginUsingInValidUsernameValidPassword" time="4.133"/>
</testsuite> <!-- testscript.LoginTest -->
